<!DOCTYPE html PUBLIC "-//W3C//DTD XHTML 1.1//EN" "https://www.w3.org/TR/xhtml11/DTD/xhtml11.dtd">
<html xmlns="https://www.w3.org/1999/xhtml">
<head>
<meta http-equiv="content-type" content="text/html; charset=UTF-8"/>
<title>TestNG Report</title>
<style type="text/css">table {margin-bottom:10px;border-collapse:collapse;empty-cells:show}th,td {border:1px solid #009;padding:.25em .5em}th {vertical-align:bottom}td {vertical-align:top}table a {font-weight:bold}.stripe td {background-color: #E6EBF9}.num {text-align:right}.passedodd td {background-color: #3F3}.passedeven td {background-color: #0A0}.skippedodd td {background-color: #DDD}.skippedeven td {background-color: #CCC}.failedodd td,.attn {background-color: #F33}.failedeven td,.stripe .attn {background-color: #D00}.stacktrace {white-space:pre;font-family:monospace}.totop {font-size:85%;text-align:center;border-bottom:2px solid #000}.invisible {display:none}</style>
</head>
<body>
<table>
<tr><th>Test</th><th># Passed</th><th># Skipped</th><th># Retried</th><th># Failed</th><th>Time (ms)</th><th>Included Groups</th><th>Excluded Groups</th></tr>
<tr><th colspan="8">Suite_1</th></tr>
<tr><td><a href="#t0">ChromeTest</a></td><td class="num">1</td><td class="num attn">2</td><td class="num">0</td><td class="num attn">1</td><td class="num">36,329</td><td></td><td></td></tr>
<tr class="stripe"><td><a href="#t1">FirefoxTest</a></td><td class="num">4</td><td class="num">0</td><td class="num">0</td><td class="num">0</td><td class="num">9,625</td><td></td><td></td></tr>
<tr><td><a href="#t2">EdgeTest</a></td><td class="num">4</td><td class="num">0</td><td class="num">0</td><td class="num">0</td><td class="num">17,048</td><td></td><td></td></tr>
<tr><th>Total</th><th class="num">9</th><th class="num attn">2</th><th class="num">0</th><th class="num attn">1</th><th class="num">63,002</th><th colspan="2"></th></tr>
</table>
<table id='summary'><thead><tr><th>Class</th><th>Method</th><th>Start</th><th>Time (ms)</th></tr></thead><tbody><tr><th colspan="4">Suite_1</th></tr></tbody><tbody id="t0"><tr><th colspan="4">ChromeTest &#8212; failed (configuration methods)</th></tr><tr class="failedeven"><td rowspan="1">Package_TestNg.TestNg_ExecutionClass</td><td><a href="#m0">afterMethod</a></td><td rowspan="1">1677000453098</td><td rowspan="1">32425</td></tr><tr><th colspan="4">ChromeTest &#8212; failed</th></tr><tr class="failedeven"><td rowspan="1">Package_TestNg.TestNg_ExecutionClass</td><td><a href="#m1">verifyTermsLink</a></td><td rowspan="1">1677000452449</td><td rowspan="1">643</td></tr><tr><th colspan="4">ChromeTest &#8212; skipped (configuration methods)</th></tr><tr class="skippedeven"><td rowspan="5">Package_TestNg.TestNg_ExecutionClass</td><td><a href="#m2">afterClass</a></td><td rowspan="1">1677000485563</td><td rowspan="1">-1677000485563</td></tr><tr class="skippedeven"><td><a href="#m3">afterMethod</a></td><td rowspan="2">1677000485544</td><td rowspan="2">-1677000485544</td></tr><tr class="skippedeven"><td><a href="#m4">afterMethod</a></td></tr><tr class="skippedeven"><td><a href="#m5">goOnLoginOrSignUpPage</a></td><td rowspan="2">1677000485531</td><td rowspan="2">-1677000485531</td></tr><tr class="skippedeven"><td><a href="#m6">goOnLoginOrSignUpPage</a></td></tr><tr><th colspan="4">ChromeTest &#8212; skipped</th></tr><tr class="skippedeven"><td rowspan="2">Package_TestNg.TestNg_ExecutionClass</td><td><a href="#m7">verifyCookiesPolicyLink</a></td><td rowspan="1">1677000485552</td><td rowspan="1">0</td></tr><tr class="skippedeven"><td><a href="#m8">verifyPrivacyPolicyLink</a></td><td rowspan="1">1677000485534</td><td rowspan="1">1</td></tr><tr><th colspan="4">ChromeTest &#8212; passed</th></tr><tr class="passedeven"><td rowspan="1">Package_TestNg.TestNg_Class</td><td><a href="#m9">test</a></td><td rowspan="1">1677000450631</td><td rowspan="1">9</td></tr></tbody>
<tbody id="t1"><tr><th colspan="4">FirefoxTest &#8212; passed</th></tr><tr class="passedeven"><td rowspan="1">Package_TestNg.TestNg_Class</td><td><a href="#m10">test</a></td><td rowspan="1">1677000488070</td><td rowspan="1">1</td></tr><tr class="passedodd"><td rowspan="3">Package_TestNg.TestNg_ExecutionClass</td><td><a href="#m11">verifyCookiesPolicyLink</a></td><td rowspan="1">1677000493672</td><td rowspan="1">459</td></tr><tr class="passedodd"><td><a href="#m12">verifyPrivacyPolicyLink</a></td><td rowspan="1">1677000491896</td><td rowspan="1">561</td></tr><tr class="passedodd"><td><a href="#m13">verifyTermsLink</a></td><td rowspan="1">1677000489932</td><td rowspan="1">670</td></tr></tbody>
<tbody id="t2"><tr><th colspan="4">EdgeTest &#8212; passed</th></tr><tr class="passedeven"><td rowspan="1">Package_TestNg.TestNg_Class</td><td><a href="#m14">test</a></td><td rowspan="1">1677000496534</td><td rowspan="1">2</td></tr><tr class="passedodd"><td rowspan="3">Package_TestNg.TestNg_ExecutionClass</td><td><a href="#m15">verifyCookiesPolicyLink</a></td><td rowspan="1">1677000509760</td><td rowspan="1">2048</td></tr><tr class="passedodd"><td><a href="#m16">verifyPrivacyPolicyLink</a></td><td rowspan="1">1677000504611</td><td rowspan="1">2949</td></tr><tr class="passedodd"><td><a href="#m17">verifyTermsLink</a></td><td rowspan="1">1677000500043</td><td rowspan="1">2754</td></tr></tbody>
</table>
<h2>ChromeTest</h2><h3 id="m0">Package_TestNg.TestNg_ExecutionClass#afterMethod</h3><table class="result"><tr class="param"><th>Parameter #1</th></tr><tr class="param stripe"><td>[TestResult name=verifyTermsLink status=FAILURE method=TestNg_ExecutionClass.verifyTermsLink()[pri:0, instance:Package_TestNg.TestNg_ExecutionClass@3ce1e309] output={null}]</td></tr><tr><th>Exception</th></tr><tr><td><div class="stacktrace">org.openqa.selenium.WebDriverException: disconnected: unable to connect to renderer
  (failed to check if window was closed: disconnected: unable to connect to renderer)
  (Session info: chrome=110.0.5481.97)
Build info: version: &apos;3.141.59&apos;, revision: &apos;e82be7d358&apos;, time: &apos;2018-11-14T08:17:03&apos;
System info: host: &apos;LAPTOP-ECIJOHCB&apos;, ip: &apos;192.168.43.247&apos;, os.name: &apos;Windows 11&apos;, os.arch: &apos;amd64&apos;, os.version: &apos;10.0&apos;, java.version: &apos;18.0.2.1&apos;
Driver info: org.openqa.selenium.chrome.ChromeDriver
Capabilities {acceptInsecureCerts: false, browserName: chrome, browserVersion: 110.0.5481.97, chrome: {chromedriverVersion: 109.0.5414.74 (e7c5703604da..., userDataDir: C:\Users\Avinash\AppData\Lo...}, goog:chromeOptions: {debuggerAddress: localhost:50890}, javascriptEnabled: true, networkConnectionEnabled: false, pageLoadStrategy: normal, platform: WINDOWS, platformName: WINDOWS, proxy: Proxy(), setWindowRect: true, strictFileInteractability: false, timeouts: {implicit: 0, pageLoad: 300000, script: 30000}, unhandledPromptBehavior: dismiss and notify, webauthn:extension:credBlob: true, webauthn:extension:largeBlob: true, webauthn:virtualAuthenticators: true}
Session ID: 3a41b6835e71655995d2b00e6c2171ea
	at org.openqa.selenium.remote.http.W3CHttpResponseCodec.createException(W3CHttpResponseCodec.java:187)
	at org.openqa.selenium.remote.http.W3CHttpResponseCodec.decode(W3CHttpResponseCodec.java:122)
	at org.openqa.selenium.remote.http.W3CHttpResponseCodec.decode(W3CHttpResponseCodec.java:49)
	at org.openqa.selenium.remote.HttpCommandExecutor.execute(HttpCommandExecutor.java:158)
	at org.openqa.selenium.remote.service.DriverCommandExecutor.execute(DriverCommandExecutor.java:83)
	at org.openqa.selenium.remote.RemoteWebDriver.execute(RemoteWebDriver.java:552)
	at org.openqa.selenium.remote.RemoteWebDriver.execute(RemoteWebDriver.java:609)
	at org.openqa.selenium.remote.RemoteWebDriver.getScreenshotAs(RemoteWebDriver.java:295)
	at utils.Utility.captureScreenShot(Utility.java:22)
	at Package_TestNg.TestNg_ExecutionClass.afterMethod(TestNg_ExecutionClass.java:177)
	at java.base/java.util.ArrayList.forEach(ArrayList.java:1511)
... Removed 33 stack frames</div></td></tr></table><p class="totop"><a href="#summary">back to summary</a></p>
<h3 id="m1">Package_TestNg.TestNg_ExecutionClass#verifyTermsLink</h3><table class="result"><tr><th>Exception</th></tr><tr><td><div class="stacktrace">org.openqa.selenium.WebDriverException: target frame detached
  (failed to check if window was closed: disconnected: unable to send message to renderer)
  (Session info: chrome=110.0.5481.97)
Build info: version: &apos;3.141.59&apos;, revision: &apos;e82be7d358&apos;, time: &apos;2018-11-14T08:17:03&apos;
System info: host: &apos;LAPTOP-ECIJOHCB&apos;, ip: &apos;192.168.43.247&apos;, os.name: &apos;Windows 11&apos;, os.arch: &apos;amd64&apos;, os.version: &apos;10.0&apos;, java.version: &apos;18.0.2.1&apos;
Driver info: org.openqa.selenium.chrome.ChromeDriver
Capabilities {acceptInsecureCerts: false, browserName: chrome, browserVersion: 110.0.5481.97, chrome: {chromedriverVersion: 109.0.5414.74 (e7c5703604da..., userDataDir: C:\Users\Avinash\AppData\Lo...}, goog:chromeOptions: {debuggerAddress: localhost:50890}, javascriptEnabled: true, networkConnectionEnabled: false, pageLoadStrategy: normal, platform: WINDOWS, platformName: WINDOWS, proxy: Proxy(), setWindowRect: true, strictFileInteractability: false, timeouts: {implicit: 0, pageLoad: 300000, script: 30000}, unhandledPromptBehavior: dismiss and notify, webauthn:extension:credBlob: true, webauthn:extension:largeBlob: true, webauthn:virtualAuthenticators: true}
Session ID: 3a41b6835e71655995d2b00e6c2171ea
*** Element info: {Using=xpath, value=//a[@id=&apos;terms-link&apos;]}
	at org.openqa.selenium.remote.http.W3CHttpResponseCodec.createException(W3CHttpResponseCodec.java:187)
	at org.openqa.selenium.remote.http.W3CHttpResponseCodec.decode(W3CHttpResponseCodec.java:122)
	at org.openqa.selenium.remote.http.W3CHttpResponseCodec.decode(W3CHttpResponseCodec.java:49)
	at org.openqa.selenium.remote.HttpCommandExecutor.execute(HttpCommandExecutor.java:158)
	at org.openqa.selenium.remote.service.DriverCommandExecutor.execute(DriverCommandExecutor.java:83)
	at org.openqa.selenium.remote.RemoteWebDriver.execute(RemoteWebDriver.java:552)
	at org.openqa.selenium.remote.RemoteWebDriver.findElement(RemoteWebDriver.java:323)
	at org.openqa.selenium.remote.RemoteWebDriver.findElementByXPath(RemoteWebDriver.java:428)
	at org.openqa.selenium.By$ByXPath.findElement(By.java:353)
	at org.openqa.selenium.remote.RemoteWebDriver.findElement(RemoteWebDriver.java:315)
	at org.openqa.selenium.support.pagefactory.DefaultElementLocator.findElement(DefaultElementLocator.java:69)
	at org.openqa.selenium.support.pagefactory.internal.LocatingElementHandler.invoke(LocatingElementHandler.java:38)
	at jdk.proxy2/jdk.proxy2.$Proxy19.click(Unknown Source)
	at Pom_Classes.CreateNewAccountPage.clickOnTerms(CreateNewAccountPage.java:99)
	at Package_TestNg.TestNg_ExecutionClass.verifyTermsLink(TestNg_ExecutionClass.java:94)
	at java.base/java.util.ArrayList.forEach(ArrayList.java:1511)
... Removed 28 stack frames</div></td></tr></table><p class="totop"><a href="#summary">back to summary</a></p>
<h3 id="m2">Package_TestNg.TestNg_ExecutionClass#afterClass</h3><table class="result"><tr><th class="invisible"/></tr></table><p class="totop"><a href="#summary">back to summary</a></p>
<h3 id="m3">Package_TestNg.TestNg_ExecutionClass#afterMethod</h3><table class="result"><tr><th class="invisible"/></tr></table><p class="totop"><a href="#summary">back to summary</a></p>
<h3 id="m4">Package_TestNg.TestNg_ExecutionClass#afterMethod</h3><table class="result"><tr><th class="invisible"/></tr></table><p class="totop"><a href="#summary">back to summary</a></p>
<h3 id="m5">Package_TestNg.TestNg_ExecutionClass#goOnLoginOrSignUpPage</h3><table class="result"><tr><th class="invisible"/></tr></table><p class="totop"><a href="#summary">back to summary</a></p>
<h3 id="m6">Package_TestNg.TestNg_ExecutionClass#goOnLoginOrSignUpPage</h3><table class="result"><tr><th class="invisible"/></tr></table><p class="totop"><a href="#summary">back to summary</a></p>
<h3 id="m7">Package_TestNg.TestNg_ExecutionClass#verifyCookiesPolicyLink</h3><table class="result"><tr><th>Exception</th></tr><tr><td><div class="stacktrace">org.openqa.selenium.WebDriverException: disconnected: unable to connect to renderer
  (failed to check if window was closed: disconnected: unable to connect to renderer)
  (Session info: chrome=110.0.5481.97)
Build info: version: &apos;3.141.59&apos;, revision: &apos;e82be7d358&apos;, time: &apos;2018-11-14T08:17:03&apos;
System info: host: &apos;LAPTOP-ECIJOHCB&apos;, ip: &apos;192.168.43.247&apos;, os.name: &apos;Windows 11&apos;, os.arch: &apos;amd64&apos;, os.version: &apos;10.0&apos;, java.version: &apos;18.0.2.1&apos;
Driver info: org.openqa.selenium.chrome.ChromeDriver
Capabilities {acceptInsecureCerts: false, browserName: chrome, browserVersion: 110.0.5481.97, chrome: {chromedriverVersion: 109.0.5414.74 (e7c5703604da..., userDataDir: C:\Users\Avinash\AppData\Lo...}, goog:chromeOptions: {debuggerAddress: localhost:50890}, javascriptEnabled: true, networkConnectionEnabled: false, pageLoadStrategy: normal, platform: WINDOWS, platformName: WINDOWS, proxy: Proxy(), setWindowRect: true, strictFileInteractability: false, timeouts: {implicit: 0, pageLoad: 300000, script: 30000}, unhandledPromptBehavior: dismiss and notify, webauthn:extension:credBlob: true, webauthn:extension:largeBlob: true, webauthn:virtualAuthenticators: true}
Session ID: 3a41b6835e71655995d2b00e6c2171ea
	at org.openqa.selenium.remote.http.W3CHttpResponseCodec.createException(W3CHttpResponseCodec.java:187)
	at org.openqa.selenium.remote.http.W3CHttpResponseCodec.decode(W3CHttpResponseCodec.java:122)
	at org.openqa.selenium.remote.http.W3CHttpResponseCodec.decode(W3CHttpResponseCodec.java:49)
	at org.openqa.selenium.remote.HttpCommandExecutor.execute(HttpCommandExecutor.java:158)
	at org.openqa.selenium.remote.service.DriverCommandExecutor.execute(DriverCommandExecutor.java:83)
	at org.openqa.selenium.remote.RemoteWebDriver.execute(RemoteWebDriver.java:552)
	at org.openqa.selenium.remote.RemoteWebDriver.execute(RemoteWebDriver.java:609)
	at org.openqa.selenium.remote.RemoteWebDriver.getScreenshotAs(RemoteWebDriver.java:295)
	at utils.Utility.captureScreenShot(Utility.java:22)
	at Package_TestNg.TestNg_ExecutionClass.afterMethod(TestNg_ExecutionClass.java:177)
	at java.base/java.util.ArrayList.forEach(ArrayList.java:1511)
... Removed 33 stack frames</div></td></tr></table><p class="totop"><a href="#summary">back to summary</a></p>
<h3 id="m8">Package_TestNg.TestNg_ExecutionClass#verifyPrivacyPolicyLink</h3><table class="result"><tr><th>Exception</th></tr><tr><td><div class="stacktrace">org.openqa.selenium.WebDriverException: disconnected: unable to connect to renderer
  (failed to check if window was closed: disconnected: unable to connect to renderer)
  (Session info: chrome=110.0.5481.97)
Build info: version: &apos;3.141.59&apos;, revision: &apos;e82be7d358&apos;, time: &apos;2018-11-14T08:17:03&apos;
System info: host: &apos;LAPTOP-ECIJOHCB&apos;, ip: &apos;192.168.43.247&apos;, os.name: &apos;Windows 11&apos;, os.arch: &apos;amd64&apos;, os.version: &apos;10.0&apos;, java.version: &apos;18.0.2.1&apos;
Driver info: org.openqa.selenium.chrome.ChromeDriver
Capabilities {acceptInsecureCerts: false, browserName: chrome, browserVersion: 110.0.5481.97, chrome: {chromedriverVersion: 109.0.5414.74 (e7c5703604da..., userDataDir: C:\Users\Avinash\AppData\Lo...}, goog:chromeOptions: {debuggerAddress: localhost:50890}, javascriptEnabled: true, networkConnectionEnabled: false, pageLoadStrategy: normal, platform: WINDOWS, platformName: WINDOWS, proxy: Proxy(), setWindowRect: true, strictFileInteractability: false, timeouts: {implicit: 0, pageLoad: 300000, script: 30000}, unhandledPromptBehavior: dismiss and notify, webauthn:extension:credBlob: true, webauthn:extension:largeBlob: true, webauthn:virtualAuthenticators: true}
Session ID: 3a41b6835e71655995d2b00e6c2171ea
	at org.openqa.selenium.remote.http.W3CHttpResponseCodec.createException(W3CHttpResponseCodec.java:187)
	at org.openqa.selenium.remote.http.W3CHttpResponseCodec.decode(W3CHttpResponseCodec.java:122)
	at org.openqa.selenium.remote.http.W3CHttpResponseCodec.decode(W3CHttpResponseCodec.java:49)
	at org.openqa.selenium.remote.HttpCommandExecutor.execute(HttpCommandExecutor.java:158)
	at org.openqa.selenium.remote.service.DriverCommandExecutor.execute(DriverCommandExecutor.java:83)
	at org.openqa.selenium.remote.RemoteWebDriver.execute(RemoteWebDriver.java:552)
	at org.openqa.selenium.remote.RemoteWebDriver.execute(RemoteWebDriver.java:609)
	at org.openqa.selenium.remote.RemoteWebDriver.getScreenshotAs(RemoteWebDriver.java:295)
	at utils.Utility.captureScreenShot(Utility.java:22)
	at Package_TestNg.TestNg_ExecutionClass.afterMethod(TestNg_ExecutionClass.java:177)
	at java.base/java.util.ArrayList.forEach(ArrayList.java:1511)
... Removed 33 stack frames</div></td></tr></table><p class="totop"><a href="#summary">back to summary</a></p>
<h3 id="m9">Package_TestNg.TestNg_Class#test</h3><table class="result"><tr><th class="invisible"/></tr></table><p class="totop"><a href="#summary">back to summary</a></p>
<h2>FirefoxTest</h2><h3 id="m10">Package_TestNg.TestNg_Class#test</h3><table class="result"><tr><th class="invisible"/></tr></table><p class="totop"><a href="#summary">back to summary</a></p>
<h3 id="m11">Package_TestNg.TestNg_ExecutionClass#verifyCookiesPolicyLink</h3><table class="result"><tr><th class="invisible"/></tr></table><p class="totop"><a href="#summary">back to summary</a></p>
<h3 id="m12">Package_TestNg.TestNg_ExecutionClass#verifyPrivacyPolicyLink</h3><table class="result"><tr><th class="invisible"/></tr></table><p class="totop"><a href="#summary">back to summary</a></p>
<h3 id="m13">Package_TestNg.TestNg_ExecutionClass#verifyTermsLink</h3><table class="result"><tr><th class="invisible"/></tr></table><p class="totop"><a href="#summary">back to summary</a></p>
<h2>EdgeTest</h2><h3 id="m14">Package_TestNg.TestNg_Class#test</h3><table class="result"><tr><th class="invisible"/></tr></table><p class="totop"><a href="#summary">back to summary</a></p>
<h3 id="m15">Package_TestNg.TestNg_ExecutionClass#verifyCookiesPolicyLink</h3><table class="result"><tr><th class="invisible"/></tr></table><p class="totop"><a href="#summary">back to summary</a></p>
<h3 id="m16">Package_TestNg.TestNg_ExecutionClass#verifyPrivacyPolicyLink</h3><table class="result"><tr><th class="invisible"/></tr></table><p class="totop"><a href="#summary">back to summary</a></p>
<h3 id="m17">Package_TestNg.TestNg_ExecutionClass#verifyTermsLink</h3><table class="result"><tr><th class="invisible"/></tr></table><p class="totop"><a href="#summary">back to summary</a></p>
</body>
</html>
