<?xml version="1.0" encoding="UTF-8"?>
<!-- Generated by org.testng.reporters.JUnitXMLReporter -->
<testsuite ignored="0" hostname="LAPTOP-ECIJOHCB" failures="0" tests="3" name="FirefoxTest(failed)" time="4.025" errors="0" timestamp="2023-02-09T23:30:39 IST">
  <testcase classname="Package_TestNg.TestNg_ExecutionClass" name="@BeforeMethod goOnLoginOrSignUpPage" time="1.696">
    <failure type="java.lang.AssertionError" message="null">
      <![CDATA[java.lang.AssertionError: null
at Package_TestNg.TestNg_ExecutionClass.goOnLoginOrSignUpPage(TestNg_ExecutionClass.java:71)
at java.base/java.util.ArrayList.forEach(ArrayList.java:1511)
... Removed 31 stack frames]]>
    </failure>
  </testcase> <!-- @BeforeMethod goOnLoginOrSignUpPage -->
  <testcase classname="Package_TestNg.TestNg_ExecutionClass" name="@AfterMethod afterMethod" time="-1.675965639747E9">
    <skipped/>
  </testcase> <!-- @AfterMethod afterMethod -->
  <testcase classname="Package_TestNg.TestNg_ExecutionClass" name="@BeforeMethod goOnLoginOrSignUpPage" time="-1.675965639748E9">
    <skipped/>
  </testcase> <!-- @BeforeMethod goOnLoginOrSignUpPage -->
  <testcase classname="Package_TestNg.TestNg_ExecutionClass" name="@AfterMethod afterMethod" time="-1.675965639751E9">
    <skipped/>
  </testcase> <!-- @AfterMethod afterMethod -->
  <testcase classname="Package_TestNg.TestNg_ExecutionClass" name="@BeforeMethod goOnLoginOrSignUpPage" time="-1.675965639752E9">
    <skipped/>
  </testcase> <!-- @BeforeMethod goOnLoginOrSignUpPage -->
  <testcase classname="Package_TestNg.TestNg_ExecutionClass" name="@AfterMethod afterMethod" time="-1.675965639759E9">
    <skipped/>
  </testcase> <!-- @AfterMethod afterMethod -->
  <testcase classname="Package_TestNg.TestNg_ExecutionClass" name="@AfterClass afterClass" time="-1.675965639761E9">
    <skipped/>
  </testcase> <!-- @AfterClass afterClass -->
  <testcase classname="Package_TestNg.TestNg_ExecutionClass" name="@AfterTest afterTest" time="-1.675965639763E9">
    <skipped/>
  </testcase> <!-- @AfterTest afterTest -->
  <testcase classname="Package_TestNg.TestNg_ExecutionClass" name="verifyTermsLink" time="0.0">
    <skipped/>
  </testcase> <!-- verifyTermsLink -->
  <testcase classname="Package_TestNg.TestNg_ExecutionClass" name="verifyPrivacyPolicyLink" time="0.0">
    <skipped/>
  </testcase> <!-- verifyPrivacyPolicyLink -->
  <testcase classname="Package_TestNg.TestNg_ExecutionClass" name="verifyCookiesPolicyLink" time="0.0">
    <skipped/>
  </testcase> <!-- verifyCookiesPolicyLink -->
</testsuite> <!-- FirefoxTest(failed) -->
