<?xml version="1.0" encoding="UTF-8"?>
<!-- Generated by org.testng.reporters.JUnitXMLReporter -->
<testsuite ignored="0" hostname="LAPTOP-ECIJOHCB" failures="0" tests="4" name="ChromeTest_1" time="0.127" errors="0" timestamp="2023-02-06T12:55:19 IST">
  <testcase classname="Package_TestNg.TestNg_ExecutionClass" name="@BeforeTest launchBrowser" time="0.034">
    <failure type="java.lang.IllegalStateException" message="The driver executable does not exist: C:\Users\Avinash\OneDrive\Documents\Automation\Selenium\chromedriver_win32\chromedriver.exe">
      <![CDATA[java.lang.IllegalStateException: The driver executable does not exist: C:\Users\Avinash\OneDrive\Documents\Automation\Selenium\chromedriver_win32\chromedriver.exe
at com.google.common.base.Preconditions.checkState(Preconditions.java:585)
at org.openqa.selenium.remote.service.DriverService.checkExecutable(DriverService.java:146)
at org.openqa.selenium.remote.service.DriverService.findExecutable(DriverService.java:141)
at org.openqa.selenium.chrome.ChromeDriverService.access$000(ChromeDriverService.java:35)
at org.openqa.selenium.chrome.ChromeDriverService$Builder.findDefaultExecutable(ChromeDriverService.java:159)
at org.openqa.selenium.remote.service.DriverService$Builder.build(DriverService.java:355)
at org.openqa.selenium.chrome.ChromeDriverService.createDefaultService(ChromeDriverService.java:94)
at org.openqa.selenium.chrome.ChromeDriver.<init>(ChromeDriver.java:123)
at Package_TestNg.TestNg_ExecutionClass.launchBrowser(TestNg_ExecutionClass.java:33)
... Removed 22 stack frames]]>
    </failure>
  </testcase> <!-- @BeforeTest launchBrowser -->
  <testcase classname="Package_TestNg.TestNg_Class" name="@BeforeClass beforeClass" time="-1.675668319113E9">
    <skipped/>
  </testcase> <!-- @BeforeClass beforeClass -->
  <testcase classname="Package_TestNg.TestNg_Class" name="@BeforeMethod beforeMethod" time="-1.675668319119E9">
    <skipped/>
  </testcase> <!-- @BeforeMethod beforeMethod -->
  <testcase classname="Package_TestNg.TestNg_Class" name="@AfterMethod afterMethod" time="-1.675668319124E9">
    <skipped/>
  </testcase> <!-- @AfterMethod afterMethod -->
  <testcase classname="Package_TestNg.TestNg_Class" name="@AfterClass afterClass" time="-1.675668319129E9">
    <skipped/>
  </testcase> <!-- @AfterClass afterClass -->
  <testcase classname="Package_TestNg.TestNg_ExecutionClass" name="@BeforeClass launchBrowser1" time="-1.675668319131E9">
    <skipped/>
  </testcase> <!-- @BeforeClass launchBrowser1 -->
  <testcase classname="Package_TestNg.TestNg_ExecutionClass" name="@BeforeMethod goOnLoginOrSignUpPage" time="-1.675668319133E9">
    <skipped/>
  </testcase> <!-- @BeforeMethod goOnLoginOrSignUpPage -->
  <testcase classname="Package_TestNg.TestNg_ExecutionClass" name="@AfterMethod afterMethod" time="-1.675668319145E9">
    <skipped/>
  </testcase> <!-- @AfterMethod afterMethod -->
  <testcase classname="Package_TestNg.TestNg_ExecutionClass" name="@BeforeMethod goOnLoginOrSignUpPage" time="-1.675668319149E9">
    <skipped/>
  </testcase> <!-- @BeforeMethod goOnLoginOrSignUpPage -->
  <testcase classname="Package_TestNg.TestNg_ExecutionClass" name="@AfterMethod afterMethod" time="-1.675668319158E9">
    <skipped/>
  </testcase> <!-- @AfterMethod afterMethod -->
  <testcase classname="Package_TestNg.TestNg_ExecutionClass" name="@BeforeMethod goOnLoginOrSignUpPage" time="-1.675668319163E9">
    <skipped/>
  </testcase> <!-- @BeforeMethod goOnLoginOrSignUpPage -->
  <testcase classname="Package_TestNg.TestNg_ExecutionClass" name="@AfterMethod afterMethod" time="-1.675668319172E9">
    <skipped/>
  </testcase> <!-- @AfterMethod afterMethod -->
  <testcase classname="Package_TestNg.TestNg_ExecutionClass" name="@AfterClass afterClass" time="-1.675668319175E9">
    <skipped/>
  </testcase> <!-- @AfterClass afterClass -->
  <testcase classname="Package_TestNg.TestNg_Class" name="@AfterTest afterTest" time="-1.675668319176E9">
    <skipped/>
  </testcase> <!-- @AfterTest afterTest -->
  <testcase classname="Package_TestNg.TestNg_Class" name="test" time="0.0">
    <skipped/>
  </testcase> <!-- test -->
  <testcase classname="Package_TestNg.TestNg_ExecutionClass" name="verifyTermsLink" time="0.0">
    <skipped/>
  </testcase> <!-- verifyTermsLink -->
  <testcase classname="Package_TestNg.TestNg_ExecutionClass" name="verifyPrivacyPolicyLink" time="0.0">
    <skipped/>
  </testcase> <!-- verifyPrivacyPolicyLink -->
  <testcase classname="Package_TestNg.TestNg_ExecutionClass" name="verifyCookiesPolicyLink" time="0.0">
    <skipped/>
  </testcase> <!-- verifyCookiesPolicyLink -->
</testsuite> <!-- ChromeTest_1 -->
