<?xml version="1.0" encoding="UTF-8"?>
<!-- Generated by org.testng.reporters.JUnitXMLReporter -->
<testsuite ignored="0" hostname="LAPTOP-ECIJOHCB" failures="0" tests="4" name="FirefoxTest_1" time="0.11" errors="0" timestamp="2023-02-06T12:51:31 IST">
  <testcase classname="Package_TestNg.TestNg_ExecutionClass" name="@BeforeTest launchBrowser" time="0.043">
    <failure type="org.openqa.selenium.WebDriverException" message="Cannot find firefox binary in PATH. Make sure firefox is installed. OS appears to be: XP
Build info: version: &amp;apos;3.141.59&amp;apos;, revision: &amp;apos;e82be7d358&amp;apos;, time: &amp;apos;2018-11-14T08:17:03&amp;apos;
System info: host: &amp;apos;LAPTOP-ECIJOHCB&amp;apos;, ip: &amp;apos;192.168.43.247&amp;apos;, os.name: &amp;apos;Windows 11&amp;apos;, os.arch: &amp;apos;amd64&amp;apos;, os.version: &amp;apos;10.0&amp;apos;, java.version: &amp;apos;18.0.2.1&amp;apos;
Driver info: driver.version: FirefoxDriver">
      <![CDATA[org.openqa.selenium.WebDriverException: Cannot find firefox binary in PATH. Make sure firefox is installed. OS appears to be: XP
Build info: version: '3.141.59', revision: 'e82be7d358', time: '2018-11-14T08:17:03'
System info: host: 'LAPTOP-ECIJOHCB', ip: '192.168.43.247', os.name: 'Windows 11', os.arch: 'amd64', os.version: '10.0', java.version: '18.0.2.1'
Driver info: driver.version: FirefoxDriver
at org.openqa.selenium.firefox.FirefoxBinary.<init>(FirefoxBinary.java:100)
at java.base/java.util.Optional.orElseGet(Optional.java:364)
at org.openqa.selenium.firefox.FirefoxOptions.getBinary(FirefoxOptions.java:216)
at org.openqa.selenium.firefox.FirefoxDriver.toExecutor(FirefoxDriver.java:187)
at org.openqa.selenium.firefox.FirefoxDriver.<init>(FirefoxDriver.java:147)
at org.openqa.selenium.firefox.FirefoxDriver.<init>(FirefoxDriver.java:125)
at Package_TestNg.TestNg_ExecutionClass.launchBrowser(TestNg_ExecutionClass.java:38)
... Removed 22 stack frames]]>
    </failure>
  </testcase> <!-- @BeforeTest launchBrowser -->
  <testcase classname="Package_TestNg.TestNg_Class" name="@BeforeClass beforeClass" time="-1.675668091252E9">
    <skipped/>
  </testcase> <!-- @BeforeClass beforeClass -->
  <testcase classname="Package_TestNg.TestNg_Class" name="@BeforeMethod beforeMethod" time="-1.67566809126E9">
    <skipped/>
  </testcase> <!-- @BeforeMethod beforeMethod -->
  <testcase classname="Package_TestNg.TestNg_Class" name="@AfterMethod afterMethod" time="-1.675668091266E9">
    <skipped/>
  </testcase> <!-- @AfterMethod afterMethod -->
  <testcase classname="Package_TestNg.TestNg_Class" name="@AfterClass afterClass" time="-1.675668091267E9">
    <skipped/>
  </testcase> <!-- @AfterClass afterClass -->
  <testcase classname="Package_TestNg.TestNg_ExecutionClass" name="@BeforeClass launchBrowser1" time="-1.67566809127E9">
    <skipped/>
  </testcase> <!-- @BeforeClass launchBrowser1 -->
  <testcase classname="Package_TestNg.TestNg_ExecutionClass" name="@BeforeMethod goOnLoginOrSignUpPage" time="-1.675668091271E9">
    <skipped/>
  </testcase> <!-- @BeforeMethod goOnLoginOrSignUpPage -->
  <testcase classname="Package_TestNg.TestNg_ExecutionClass" name="@AfterMethod afterMethod" time="-1.675668091278E9">
    <skipped/>
  </testcase> <!-- @AfterMethod afterMethod -->
  <testcase classname="Package_TestNg.TestNg_ExecutionClass" name="@BeforeMethod goOnLoginOrSignUpPage" time="-1.67566809128E9">
    <skipped/>
  </testcase> <!-- @BeforeMethod goOnLoginOrSignUpPage -->
  <testcase classname="Package_TestNg.TestNg_ExecutionClass" name="@AfterMethod afterMethod" time="-1.675668091285E9">
    <skipped/>
  </testcase> <!-- @AfterMethod afterMethod -->
  <testcase classname="Package_TestNg.TestNg_ExecutionClass" name="@BeforeMethod goOnLoginOrSignUpPage" time="-1.675668091286E9">
    <skipped/>
  </testcase> <!-- @BeforeMethod goOnLoginOrSignUpPage -->
  <testcase classname="Package_TestNg.TestNg_ExecutionClass" name="@AfterMethod afterMethod" time="-1.675668091292E9">
    <skipped/>
  </testcase> <!-- @AfterMethod afterMethod -->
  <testcase classname="Package_TestNg.TestNg_ExecutionClass" name="@AfterClass afterClass" time="-1.675668091293E9">
    <skipped/>
  </testcase> <!-- @AfterClass afterClass -->
  <testcase classname="Package_TestNg.TestNg_Class" name="@AfterTest afterTest" time="-1.675668091294E9">
    <skipped/>
  </testcase> <!-- @AfterTest afterTest -->
  <testcase classname="Package_TestNg.TestNg_Class" name="test" time="0.0">
    <skipped/>
  </testcase> <!-- test -->
  <testcase classname="Package_TestNg.TestNg_ExecutionClass" name="verifyTermsLink" time="0.0">
    <skipped/>
  </testcase> <!-- verifyTermsLink -->
  <testcase classname="Package_TestNg.TestNg_ExecutionClass" name="verifyPrivacyPolicyLink" time="0.0">
    <skipped/>
  </testcase> <!-- verifyPrivacyPolicyLink -->
  <testcase classname="Package_TestNg.TestNg_ExecutionClass" name="verifyCookiesPolicyLink" time="0.0">
    <skipped/>
  </testcase> <!-- verifyCookiesPolicyLink -->
</testsuite> <!-- FirefoxTest_1 -->
